#! /c/Source/iverilog-install/bin/vvp
:ivl_version "12.0 (devel)" "(s20150603-1539-g2693dd32b)";
:ivl_delay_selection "TYPICAL";
:vpi_time_precision + 0;
:vpi_module "C:\iverilog\lib\ivl\system.vpi";
:vpi_module "C:\iverilog\lib\ivl\vhdl_sys.vpi";
:vpi_module "C:\iverilog\lib\ivl\vhdl_textio.vpi";
:vpi_module "C:\iverilog\lib\ivl\v2005_math.vpi";
:vpi_module "C:\iverilog\lib\ivl\va_math.vpi";
S_000001dff5b3ae60 .scope module, "mdio_if" "mdio_if" 2 1;
 .timescale 0 0;
    .port_info 0 /INPUT 1 "clk";
    .port_info 1 /INPUT 1 "rst";
    .port_info 2 /OUTPUT 1 "mdc";
    .port_info 3 /OUTPUT 1 "mdt";
    .port_info 4 /OUTPUT 1 "mdo";
    .port_info 5 /INPUT 1 "mdi";
    .port_info 6 /INPUT 1 "op_ena";
    .port_info 7 /INPUT 1 "op_rdwr";
    .port_info 8 /INPUT 5 "op_phya";
    .port_info 9 /INPUT 5 "op_rega";
    .port_info 10 /INPUT 16 "op_din";
    .port_info 11 /OUTPUT 16 "op_dout";
    .port_info 12 /OUTPUT 1 "op_done";
P_000001dff5b81ff0 .param/l "DIV" 0 2 2, +C4<00000000000000000000001111101000>;
v000001dff5b36a50_0 .var "cknn", 0 0;
v000001dff5b36c70_0 .var "ckpp", 0 0;
o000001dff5b9ffb8 .functor BUFZ 1, C4<z>; HiZ drive
v000001dff5b3aff0_0 .net "clk", 0 0, o000001dff5b9ffb8;  0 drivers
v000001dff5b36620_0 .var "cnt0", 10 0;
v000001dff5b366c0_0 .var "cnt1", 6 0;
v000001dff5b36760_0 .var "mdc", 0 0;
o000001dff5ba0078 .functor BUFZ 1, C4<z>; HiZ drive
v000001dff5b36800_0 .net "mdi", 0 0, o000001dff5ba0078;  0 drivers
v000001dff5b3ba60_0 .var "mdi_d", 1 0;
v000001dff5b3bb00_0 .var "mdo", 0 0;
v000001dff5b3bba0_0 .var "mdt", 0 0;
v000001dff5b3bc40_0 .var "op_add_buf", 9 0;
o000001dff5ba0168 .functor BUFZ 16, C4<zzzzzzzzzzzzzzzz>; HiZ drive
v000001dff5b3bce0_0 .net "op_din", 15 0, o000001dff5ba0168;  0 drivers
v000001dff5b84350_0 .var "op_din_buf", 15 0;
v000001dff5b843f0_0 .var "op_done", 0 0;
v000001dff5beee40_0 .var "op_dout", 15 0;
o000001dff5ba0228 .functor BUFZ 1, C4<z>; HiZ drive
v000001dff5bee8a0_0 .net "op_ena", 0 0, o000001dff5ba0228;  0 drivers
v000001dff5beeda0_0 .var "op_ena_period", 0 0;
o000001dff5ba0288 .functor BUFZ 5, C4<zzzzz>; HiZ drive
v000001dff5bee120_0 .net "op_phya", 4 0, o000001dff5ba0288;  0 drivers
o000001dff5ba02b8 .functor BUFZ 1, C4<z>; HiZ drive
v000001dff5bee260_0 .net "op_rdwr", 0 0, o000001dff5ba02b8;  0 drivers
o000001dff5ba02e8 .functor BUFZ 5, C4<zzzzz>; HiZ drive
v000001dff5beeee0_0 .net "op_rega", 4 0, o000001dff5ba02e8;  0 drivers
o000001dff5ba0318 .functor BUFZ 1, C4<z>; HiZ drive
v000001dff5bee760_0 .net "rst", 0 0, o000001dff5ba0318;  0 drivers
E_000001dff5b82330 .event posedge, v000001dff5bee760_0, v000001dff5b3aff0_0;
S_000001dff5b36490 .scope begin, "read_data" "read_data" 2 109, 2 109 0, S_000001dff5b3ae60;
 .timescale 0 0;
    .scope S_000001dff5b3ae60;
T_0 ;
    %wait E_000001dff5b82330;
    %load/vec4 v000001dff5bee760_0;
    %flag_set/vec4 8;
    %jmp/0xz  T_0.0, 8;
    %pushi/vec4 0, 0, 11;
    %assign/vec4 v000001dff5b36620_0, 0;
    %pushi/vec4 0, 0, 1;
    %assign/vec4 v000001dff5b36c70_0, 0;
    %pushi/vec4 0, 0, 1;
    %assign/vec4 v000001dff5b36760_0, 0;
    %jmp T_0.1;
T_0.0 ;
    %load/vec4 v000001dff5b36620_0;
    %pad/u 32;
    %cmpi/u 999, 0, 32;
    %flag_inv 5; GE is !LT
    %jmp/0xz  T_0.2, 5;
    %pushi/vec4 0, 0, 11;
    %assign/vec4 v000001dff5b36620_0, 0;
    %jmp T_0.3;
T_0.2 ;
    %load/vec4 v000001dff5b36620_0;
    %addi 1, 0, 11;
    %assign/vec4 v000001dff5b36620_0, 0;
T_0.3 ;
    %load/vec4 v000001dff5b36620_0;
    %pad/u 32;
    %cmpi/e 999, 0, 32;
    %jmp/0xz  T_0.4, 4;
    %pushi/vec4 1, 0, 1;
    %assign/vec4 v000001dff5b36c70_0, 0;
    %jmp T_0.5;
T_0.4 ;
    %pushi/vec4 0, 0, 1;
    %assign/vec4 v000001dff5b36c70_0, 0;
T_0.5 ;
    %load/vec4 v000001dff5b36620_0;
    %pad/u 32;
    %cmpi/e 499, 0, 32;
    %jmp/0xz  T_0.6, 4;
    %pushi/vec4 1, 0, 1;
    %assign/vec4 v000001dff5b36a50_0, 0;
    %jmp T_0.7;
T_0.6 ;
    %pushi/vec4 0, 0, 1;
    %assign/vec4 v000001dff5b36a50_0, 0;
T_0.7 ;
    %load/vec4 v000001dff5b36c70_0;
    %flag_set/vec4 8;
    %jmp/0xz  T_0.8, 8;
    %pushi/vec4 1, 0, 1;
    %assign/vec4 v000001dff5b36760_0, 0;
    %jmp T_0.9;
T_0.8 ;
    %load/vec4 v000001dff5b36a50_0;
    %flag_set/vec4 8;
    %jmp/0xz  T_0.10, 8;
    %pushi/vec4 0, 0, 1;
    %assign/vec4 v000001dff5b36760_0, 0;
T_0.10 ;
T_0.9 ;
T_0.1 ;
    %jmp T_0;
    .thread T_0;
    .scope S_000001dff5b3ae60;
T_1 ;
    %wait E_000001dff5b82330;
    %load/vec4 v000001dff5bee760_0;
    %flag_set/vec4 8;
    %jmp/0xz  T_1.0, 8;
    %pushi/vec4 0, 0, 1;
    %assign/vec4 v000001dff5beeda0_0, 0;
    %pushi/vec4 0, 0, 1;
    %assign/vec4 v000001dff5b843f0_0, 0;
    %pushi/vec4 0, 0, 7;
    %assign/vec4 v000001dff5b366c0_0, 0;
    %jmp T_1.1;
T_1.0 ;
    %load/vec4 v000001dff5b36a50_0;
    %flag_set/vec4 9;
    %flag_get/vec4 9;
    %jmp/0 T_1.4, 9;
    %load/vec4 v000001dff5b366c0_0;
    %pad/u 32;
    %pushi/vec4 65, 0, 32;
    %cmp/e;
    %flag_get/vec4 4;
    %and;
T_1.4;
    %flag_set/vec4 8;
    %jmp/0 T_1.2, 8;
    %pushi/vec4 1, 0, 1;
    %jmp/1 T_1.3, 8;
T_1.2 ; End of true expr.
    %pushi/vec4 0, 0, 1;
    %jmp/0 T_1.3, 8;
 ; End of false expr.
    %blend;
T_1.3;
    %assign/vec4 v000001dff5b843f0_0, 0;
    %load/vec4 v000001dff5b843f0_0;
    %flag_set/vec4 8;
    %jmp/0xz  T_1.5, 8;
    %pushi/vec4 0, 0, 1;
    %assign/vec4 v000001dff5beeda0_0, 0;
    %jmp T_1.6;
T_1.5 ;
    %load/vec4 v000001dff5bee8a0_0;
    %flag_set/vec4 8;
    %jmp/0xz  T_1.7, 8;
    %pushi/vec4 1, 0, 1;
    %assign/vec4 v000001dff5beeda0_0, 0;
T_1.7 ;
T_1.6 ;
    %load/vec4 v000001dff5beeda0_0;
    %flag_set/vec4 10;
    %flag_get/vec4 10;
    %jmp/0 T_1.12, 10;
    %load/vec4 v000001dff5b36a50_0;
    %and;
T_1.12;
    %flag_set/vec4 9;
    %flag_get/vec4 9;
    %jmp/0 T_1.11, 9;
    %load/vec4 v000001dff5b366c0_0;
    %pad/u 32;
    %cmpi/u 65, 0, 32;
    %flag_get/vec4 4;
    %flag_get/vec4 5;
    %or;
    %and;
T_1.11;
    %flag_set/vec4 8;
    %jmp/0xz  T_1.9, 8;
    %load/vec4 v000001dff5b366c0_0;
    %addi 1, 0, 7;
    %assign/vec4 v000001dff5b366c0_0, 0;
    %jmp T_1.10;
T_1.9 ;
    %load/vec4 v000001dff5b366c0_0;
    %pad/u 32;
    %cmpi/e 66, 0, 32;
    %jmp/0xz  T_1.13, 4;
    %pushi/vec4 0, 0, 7;
    %assign/vec4 v000001dff5b366c0_0, 0;
T_1.13 ;
T_1.10 ;
T_1.1 ;
    %jmp T_1;
    .thread T_1;
    .scope S_000001dff5b3ae60;
T_2 ;
    %wait E_000001dff5b82330;
    %load/vec4 v000001dff5bee760_0;
    %flag_set/vec4 8;
    %jmp/0xz  T_2.0, 8;
    %pushi/vec4 0, 0, 1;
    %assign/vec4 v000001dff5b3bba0_0, 0;
    %pushi/vec4 0, 0, 1;
    %assign/vec4 v000001dff5b3bb00_0, 0;
    %pushi/vec4 0, 0, 10;
    %assign/vec4 v000001dff5b3bc40_0, 0;
    %pushi/vec4 0, 0, 16;
    %assign/vec4 v000001dff5b84350_0, 0;
    %jmp T_2.1;
T_2.0 ;
    %load/vec4 v000001dff5b36a50_0;
    %flag_set/vec4 8;
    %jmp/0xz  T_2.2, 8;
    %load/vec4 v000001dff5b366c0_0;
    %pad/u 32;
    %cmpi/e 0, 0, 32;
    %jmp/0xz  T_2.4, 4;
    %pushi/vec4 0, 0, 1;
    %assign/vec4 v000001dff5b3bba0_0, 0;
    %jmp T_2.5;
T_2.4 ;
    %load/vec4 v000001dff5b366c0_0;
    %pad/u 32;
    %cmpi/u 1, 0, 32;
    %flag_inv 5; GE is !LT
    %flag_get/vec4 5;
    %jmp/0 T_2.8, 5;
    %load/vec4 v000001dff5b366c0_0;
    %pad/u 32;
    %cmpi/u 32, 0, 32;
    %flag_get/vec4 4;
    %flag_get/vec4 5;
    %or;
    %and;
T_2.8;
    %flag_set/vec4 8;
    %jmp/0xz  T_2.6, 8;
    %pushi/vec4 1, 0, 1;
    %assign/vec4 v000001dff5b3bba0_0, 0;
    %pushi/vec4 1, 0, 1;
    %assign/vec4 v000001dff5b3bb00_0, 0;
    %jmp T_2.7;
T_2.6 ;
    %load/vec4 v000001dff5b366c0_0;
    %pad/u 32;
    %cmpi/e 33, 0, 32;
    %jmp/1 T_2.11, 4;
    %flag_mov 8, 4;
    %load/vec4 v000001dff5b366c0_0;
    %pad/u 32;
    %cmpi/e 34, 0, 32;
    %flag_or 4, 8;
T_2.11;
    %jmp/0xz  T_2.9, 4;
    %pushi/vec4 1, 0, 1;
    %assign/vec4 v000001dff5b3bba0_0, 0;
    %load/vec4 v000001dff5b366c0_0;
    %parti/s 1, 0, 2;
    %inv;
    %assign/vec4 v000001dff5b3bb00_0, 0;
    %jmp T_2.10;
T_2.9 ;
    %load/vec4 v000001dff5b366c0_0;
    %pad/u 32;
    %cmpi/e 35, 0, 32;
    %jmp/1 T_2.14, 4;
    %flag_mov 8, 4;
    %load/vec4 v000001dff5b366c0_0;
    %pad/u 32;
    %cmpi/e 36, 0, 32;
    %flag_or 4, 8;
T_2.14;
    %jmp/0xz  T_2.12, 4;
    %pushi/vec4 1, 0, 1;
    %assign/vec4 v000001dff5b3bba0_0, 0;
    %load/vec4 v000001dff5bee260_0;
    %flag_set/vec4 8;
    %jmp/0 T_2.15, 8;
    %load/vec4 v000001dff5b366c0_0;
    %parti/s 1, 0, 2;
    %inv;
    %jmp/1 T_2.16, 8;
T_2.15 ; End of true expr.
    %load/vec4 v000001dff5b366c0_0;
    %parti/s 1, 0, 2;
    %jmp/0 T_2.16, 8;
 ; End of false expr.
    %blend;
T_2.16;
    %assign/vec4 v000001dff5b3bb00_0, 0;
    %load/vec4 v000001dff5bee120_0;
    %load/vec4 v000001dff5beeee0_0;
    %concat/vec4; draw_concat_vec4
    %assign/vec4 v000001dff5b3bc40_0, 0;
    %load/vec4 v000001dff5bee260_0;
    %flag_set/vec4 8;
    %jmp/0 T_2.17, 8;
    %load/vec4 v000001dff5b3bce0_0;
    %jmp/1 T_2.18, 8;
T_2.17 ; End of true expr.
    %pushi/vec4 0, 0, 16;
    %jmp/0 T_2.18, 8;
 ; End of false expr.
    %blend;
T_2.18;
    %assign/vec4 v000001dff5b84350_0, 0;
    %jmp T_2.13;
T_2.12 ;
    %load/vec4 v000001dff5b366c0_0;
    %pad/u 32;
    %cmpi/u 37, 0, 32;
    %flag_inv 5; GE is !LT
    %flag_get/vec4 5;
    %jmp/0 T_2.21, 5;
    %load/vec4 v000001dff5b366c0_0;
    %pad/u 32;
    %cmpi/u 46, 0, 32;
    %flag_get/vec4 4;
    %flag_get/vec4 5;
    %or;
    %and;
T_2.21;
    %flag_set/vec4 8;
    %jmp/0xz  T_2.19, 8;
    %load/vec4 v000001dff5b3bc40_0;
    %concati/vec4 0, 0, 1;
    %pad/u 10;
    %assign/vec4 v000001dff5b3bc40_0, 0;
    %load/vec4 v000001dff5b3bc40_0;
    %parti/s 1, 9, 5;
    %assign/vec4 v000001dff5b3bb00_0, 0;
    %jmp T_2.20;
T_2.19 ;
    %load/vec4 v000001dff5b366c0_0;
    %pad/u 32;
    %cmpi/e 47, 0, 32;
    %jmp/1 T_2.24, 4;
    %flag_mov 8, 4;
    %load/vec4 v000001dff5b366c0_0;
    %pad/u 32;
    %cmpi/e 48, 0, 32;
    %flag_or 4, 8;
T_2.24;
    %jmp/0xz  T_2.22, 4;
    %load/vec4 v000001dff5bee260_0;
    %flag_set/vec4 8;
    %jmp/0 T_2.25, 8;
    %pushi/vec4 1, 0, 1;
    %jmp/1 T_2.26, 8;
T_2.25 ; End of true expr.
    %pushi/vec4 0, 0, 1;
    %jmp/0 T_2.26, 8;
 ; End of false expr.
    %blend;
T_2.26;
    %assign/vec4 v000001dff5b3bba0_0, 0;
    %load/vec4 v000001dff5bee260_0;
    %flag_set/vec4 8;
    %jmp/0 T_2.27, 8;
    %load/vec4 v000001dff5b366c0_0;
    %parti/s 1, 0, 2;
    %jmp/1 T_2.28, 8;
T_2.27 ; End of true expr.
    %pushi/vec4 0, 0, 1;
    %jmp/0 T_2.28, 8;
 ; End of false expr.
    %blend;
T_2.28;
    %assign/vec4 v000001dff5b3bb00_0, 0;
    %jmp T_2.23;
T_2.22 ;
    %load/vec4 v000001dff5bee260_0;
    %flag_set/vec4 10;
    %flag_get/vec4 10;
    %jmp/0 T_2.32, 10;
    %pushi/vec4 48, 0, 32;
    %load/vec4 v000001dff5b366c0_0;
    %pad/u 32;
    %cmp/u;
    %flag_get/vec4 5;
    %and;
T_2.32;
    %flag_set/vec4 9;
    %flag_get/vec4 9;
    %jmp/0 T_2.31, 9;
    %load/vec4 v000001dff5b366c0_0;
    %pad/u 32;
    %cmpi/u 64, 0, 32;
    %flag_get/vec4 4;
    %flag_get/vec4 5;
    %or;
    %and;
T_2.31;
    %flag_set/vec4 8;
    %jmp/0xz  T_2.29, 8;
    %load/vec4 v000001dff5b84350_0;
    %concati/vec4 0, 0, 1;
    %pad/u 16;
    %assign/vec4 v000001dff5b84350_0, 0;
    %load/vec4 v000001dff5b84350_0;
    %parti/s 1, 15, 5;
    %assign/vec4 v000001dff5b3bb00_0, 0;
    %jmp T_2.30;
T_2.29 ;
    %pushi/vec4 0, 0, 1;
    %assign/vec4 v000001dff5b3bba0_0, 0;
T_2.30 ;
T_2.23 ;
T_2.20 ;
T_2.13 ;
T_2.10 ;
T_2.7 ;
T_2.5 ;
T_2.2 ;
T_2.1 ;
    %jmp T_2;
    .thread T_2;
    .scope S_000001dff5b3ae60;
T_3 ;
    %wait E_000001dff5b82330;
    %fork t_1, S_000001dff5b36490;
    %jmp t_0;
    .scope S_000001dff5b36490;
t_1 ;
    %load/vec4 v000001dff5bee760_0;
    %flag_set/vec4 8;
    %jmp/0xz  T_3.0, 8;
    %pushi/vec4 0, 0, 16;
    %assign/vec4 v000001dff5beee40_0, 0;
    %pushi/vec4 0, 0, 2;
    %assign/vec4 v000001dff5b3ba60_0, 0;
    %jmp T_3.1;
T_3.0 ;
    %load/vec4 v000001dff5b3ba60_0;
    %load/vec4 v000001dff5b36800_0;
    %concat/vec4; draw_concat_vec4
    %pad/u 2;
    %assign/vec4 v000001dff5b3ba60_0, 0;
    %load/vec4 v000001dff5b366c0_0;
    %pad/u 32;
    %cmpi/u 65, 0, 32;
    %flag_or 5, 4;
    %flag_get/vec4 5;
    %jmp/0 T_3.5, 5;
    %pushi/vec4 50, 0, 32;
    %load/vec4 v000001dff5b366c0_0;
    %pad/u 32;
    %cmp/u;
    %flag_get/vec4 4;
    %flag_get/vec4 5;
    %or;
    %and;
T_3.5;
    %flag_set/vec4 9;
    %flag_get/vec4 9;
    %jmp/0 T_3.4, 9;
    %load/vec4 v000001dff5b36c70_0;
    %and;
T_3.4;
    %flag_set/vec4 8;
    %jmp/0xz  T_3.2, 8;
    %load/vec4 v000001dff5beee40_0;
    %load/vec4 v000001dff5b3ba60_0;
    %parti/s 1, 1, 2;
    %concat/vec4; draw_concat_vec4
    %pad/u 16;
    %assign/vec4 v000001dff5beee40_0, 0;
    %jmp T_3.3;
T_3.2 ;
    %load/vec4 v000001dff5beee40_0;
    %assign/vec4 v000001dff5beee40_0, 0;
T_3.3 ;
T_3.1 ;
    %end;
    .scope S_000001dff5b3ae60;
t_0 %join;
    %jmp T_3;
    .thread T_3;
# The file index is used to find the file name in the following table.
:file_names 3;
    "N/A";
    "<interactive>";
    "e:\gitspace\common\example\mdio_if.v";
